Status keys: E excellent, G good, B bad, T terrible.
Memory values:
  total = Real memory of host
  progs = Real memory used by processes, including swappable cache
  used =  Real memory used by processes, excluding swappable cache
Started at: 19/09/15 22:48:08
cadence212(0)    TMPDIR is : /tmp/innovus_temp_87726_cadence212_ptokarczyk_yoj3de

==============  ========  ========================  ========================
Host            CPU         Memory (GB)             TMPDIR (GB)      (Mb/s)
name(id)        util %    total progs used  %used   total    avail    rate
==============  ========  ===== ===== ===== ======  ========================
22:48:08
cadence212(0)       35 E    251   246   145   57 E  192.12   181.63 E  N/A
22:49:08
cadence212(0)       35 E    251   247   146   58 E  192.12   181.62 E  347 E
22:50:08
cadence212(0)       34 E    251   247   146   58 E  192.12   181.63 E  347 E
22:51:08
cadence212(0)       34 E    251   247   146   58 E  192.12   181.63 E  347 E
22:52:08
cadence212(0)       34 E    251   247   146   58 E  192.12   181.63 E  347 E
