============================================================
  Generated by:           Genus(TM) Synthesis Solution 17.13-s033_1
  Generated on:           Sep 15 2019  10:39:58 pm
  Module:                 mtm_Alu
    Operating conditions: worst 
  Interconnect mode:      global
  Area mode:              physical library
============================================================

                                                       Library 
      Gate       Instances    Area         Library      Domain 
---------------------------------------------------------------
UCL_AND2                 9    186.624    SUSLIB_UCL_SS   WC_tc 
UCL_AOI21               34    564.019    SUSLIB_UCL_SS   WC_tc 
UCL_AOI22_2             63   1306.368    SUSLIB_UCL_SS   WC_tc 
UCL_AON2B_2            106   2198.016    SUSLIB_UCL_SS   WC_tc 
UCL_BUF                254   6320.333    SUSLIB_UCL_SS   WC_tc 
UCL_BUF8_2               9    821.146    SUSLIB_UCL_SS   WC_tc 
UCL_CGI2                 1     24.883    SUSLIB_UCL_SS   WC_tc 
UCL_DFF                141  11695.104    SUSLIB_UCL_SS   WC_tc 
UCL_DFF_RES             58   5772.902    SUSLIB_UCL_SS   WC_tc 
UCL_FA                  49   3251.405    SUSLIB_UCL_SS   WC_tc 
UCL_INV2               177   2202.163    SUSLIB_UCL_SS   WC_tc 
UCL_INV4                42   1393.459    SUSLIB_UCL_SS   WC_tc 
UCL_MUX2               114   2836.685    SUSLIB_UCL_SS   WC_tc 
UCL_MUX2A               11    319.334    SUSLIB_UCL_SS   WC_tc 
UCL_MUX2B                1     29.030    SUSLIB_UCL_SS   WC_tc 
UCL_NAND2               38    472.781    SUSLIB_UCL_SS   WC_tc 
UCL_NAND2A              70   1161.216    SUSLIB_UCL_SS   WC_tc 
UCL_NAND2_2             25    518.400    SUSLIB_UCL_SS   WC_tc 
UCL_NAND2_WIDEN        131   1629.850    SUSLIB_UCL_SS   WC_tc 
UCL_NAND3               48    796.262    SUSLIB_UCL_SS   WC_tc 
UCL_NOR2               162   2015.539    SUSLIB_UCL_SS   WC_tc 
UCL_NOR2_2               6    124.416    SUSLIB_UCL_SS   WC_tc 
UCL_NOR3                58    962.150    SUSLIB_UCL_SS   WC_tc 
UCL_OAI21               22    364.954    SUSLIB_UCL_SS   WC_tc 
UCL_OAI22               42    870.912    SUSLIB_UCL_SS   WC_tc 
UCL_OR2                 11    228.096    SUSLIB_UCL_SS   WC_tc 
UCL_XOR                137   5113.498    SUSLIB_UCL_SS   WC_tc 
---------------------------------------------------------------
total                 1819  53179.546                  


                                          
     Type      Instances    Area   Area % 
------------------------------------------
sequential           199 17468.006   32.8 
inverter             219  3595.622    6.8 
buffer               263  7141.478   13.4 
logic               1138 24974.438   47.0 
physical_cells         0     0.000    0.0 
------------------------------------------
total               1819 53179.546  100.0 

