============================================================
  Generated by:           Genus(TM) Synthesis Solution 17.13-s033_1
  Generated on:           Sep 15 2019  10:39:58 pm
  Module:                 mtm_Alu
  Library domain:         WC_tc
    Domain index:         0
    Technology library:   SUSLIB_UCL_SS 
    Operating conditions: worst 
  Interconnect mode:      global
  Area mode:              physical library
============================================================

Timing
--------

 Mode Clock  Period 
--------------------
WC_av clk1  20000.0 


        Cost   Critical       Violating 
 Mode  Group  Path Slack TNS    Paths   
----------------------------------------
WC_av    clk1     1256.0 0.0          0 
      default   No paths 0.0          0 
----------------------------------------
Total                    0.0          0 
                                        

Instance Count
--------------
Leaf Instance Count             1819 
Physical Instance count            0 
Sequential Instance Count        199 
Combinational Instance Count    1620 
Hierarchical Instance Count        5 

Area
----
Cell Area                          53179.546
Physical Cell Area                 0.000
Total Cell Area (Cell+Physical)    53179.546
Net Area                           23628.995
Total Area (Cell+Physical+Net)     76808.541

Max Fanout                         199 (clk)
Min Fanout                         0 (u_mtm_Alu_deserializer/n_480)
Average Fanout                     2.0
Terms to net ratio                 3.1704
Terms to instance ratio            3.2628
Runtime                            23.986385 seconds
Elapsed Runtime                    28 seconds
Genus peak memory usage            656.77 
Innovus peak memory usage          no_value 
Hostname                           localhost
