xrun: 18.09-s011: (c) Copyright 1995-2019 Cadence Design Systems, Inc.
TOOL:	xrun	18.09-s011: Started on Sep 15, 2019 at 18:48:01 CEST
xrun
	-F mtm_Alu.f
		../tb/mtm_Alu_test_top.v
		../tb/mtm_Alu_tb.v
		-y ../rtl
		+libext+.v
		-nowarn DLNOHV
		-nowarn DLCLAP
		-nowarn DSEM2009
		-nowarn DSEMEL
		-timescale 1ns/1ps
		-vtimescale 1ns/1ps
	+access+r
DEFINE basic $CDSHOME/tools/dfII/etc/cdslib/basic
|
xrun: *W,DLCVAR (/cad/dk/PDK_CRN45GS_DGO/cds.lib,1): cds.lib Invalid environment variable ''.
DEFINE analogLib $CDSHOME/tools/dfII/etc/cdslib/artist/analogLib
|
xrun: *W,DLCVAR (/cad/dk/PDK_CRN45GS_DGO/cds.lib,2): cds.lib Invalid environment variable ''.
DEFINE ahdlLib $CDSHOME/tools/dfII/samples/artist/ahdlLib
|
xrun: *W,DLCVAR (/cad/dk/PDK_CRN45GS_DGO/cds.lib,3): cds.lib Invalid environment variable ''.
DEFINE bmslib $CDSHOME/tools/dfII/samples/artist/bmslib
|
xrun: *W,DLCVAR (/cad/dk/PDK_CRN45GS_DGO/cds.lib,4): cds.lib Invalid environment variable ''.
DEFINE sample $CDSHOME/tools/dfII/samples/cdslib/sample
|
xrun: *W,DLCVAR (/cad/dk/PDK_CRN45GS_DGO/cds.lib,5): cds.lib Invalid environment variable ''.
DEFINE basic $CDSHOME/tools/dfII/etc/cdslib/basic
|
xrun: *W,DLCVAR (/cad/dk/PDK_CRN45GS_DGO/cds.lib,1): cds.lib Invalid environment variable ''.
DEFINE analogLib $CDSHOME/tools/dfII/etc/cdslib/artist/analogLib
|
xrun: *W,DLCVAR (/cad/dk/PDK_CRN45GS_DGO/cds.lib,2): cds.lib Invalid environment variable ''.
DEFINE ahdlLib $CDSHOME/tools/dfII/samples/artist/ahdlLib
|
xrun: *W,DLCVAR (/cad/dk/PDK_CRN45GS_DGO/cds.lib,3): cds.lib Invalid environment variable ''.
DEFINE bmslib $CDSHOME/tools/dfII/samples/artist/bmslib
|
xrun: *W,DLCVAR (/cad/dk/PDK_CRN45GS_DGO/cds.lib,4): cds.lib Invalid environment variable ''.
DEFINE sample $CDSHOME/tools/dfII/samples/cdslib/sample
|
xrun: *W,DLCVAR (/cad/dk/PDK_CRN45GS_DGO/cds.lib,5): cds.lib Invalid environment variable ''.
DEFINE basic $CDSHOME/tools/dfII/etc/cdslib/basic
|
xrun: *W,DLCVAR (/cad/dk/PDK_CRN45GS_DGO/cds.lib,1): cds.lib Invalid environment variable ''.
DEFINE analogLib $CDSHOME/tools/dfII/etc/cdslib/artist/analogLib
|
xrun: *W,DLCVAR (/cad/dk/PDK_CRN45GS_DGO/cds.lib,2): cds.lib Invalid environment variable ''.
DEFINE ahdlLib $CDSHOME/tools/dfII/samples/artist/ahdlLib
|
xrun: *W,DLCVAR (/cad/dk/PDK_CRN45GS_DGO/cds.lib,3): cds.lib Invalid environment variable ''.
DEFINE bmslib $CDSHOME/tools/dfII/samples/artist/bmslib
|
xrun: *W,DLCVAR (/cad/dk/PDK_CRN45GS_DGO/cds.lib,4): cds.lib Invalid environment variable ''.
DEFINE sample $CDSHOME/tools/dfII/samples/cdslib/sample
|
xrun: *W,DLCVAR (/cad/dk/PDK_CRN45GS_DGO/cds.lib,5): cds.lib Invalid environment variable ''.
DEFINE basic $CDSHOME/tools/dfII/etc/cdslib/basic
|
xrun: *W,DLCVAR (/cad/dk/PDK_CRN45GS_DGO/cds.lib,1): cds.lib Invalid environment variable ''.
DEFINE analogLib $CDSHOME/tools/dfII/etc/cdslib/artist/analogLib
|
xrun: *W,DLCVAR (/cad/dk/PDK_CRN45GS_DGO/cds.lib,2): cds.lib Invalid environment variable ''.
DEFINE ahdlLib $CDSHOME/tools/dfII/samples/artist/ahdlLib
|
xrun: *W,DLCVAR (/cad/dk/PDK_CRN45GS_DGO/cds.lib,3): cds.lib Invalid environment variable ''.
DEFINE bmslib $CDSHOME/tools/dfII/samples/artist/bmslib
|
xrun: *W,DLCVAR (/cad/dk/PDK_CRN45GS_DGO/cds.lib,4): cds.lib Invalid environment variable ''.
DEFINE sample $CDSHOME/tools/dfII/samples/cdslib/sample
|
xrun: *W,DLCVAR (/cad/dk/PDK_CRN45GS_DGO/cds.lib,5): cds.lib Invalid environment variable ''.
Recompiling... reason: file '../rtl/mtm_Alu_core.v' is newer than expected.
	expected: Sat Sep 14 18:41:30 2019
	actual:   Sun Sep 15 18:46:08 2019
DEFINE basic $CDSHOME/tools/dfII/etc/cdslib/basic
|
xrun: *W,DLCVAR (/cad/dk/PDK_CRN45GS_DGO/cds.lib,1): cds.lib Invalid environment variable ''.
DEFINE analogLib $CDSHOME/tools/dfII/etc/cdslib/artist/analogLib
|
xrun: *W,DLCVAR (/cad/dk/PDK_CRN45GS_DGO/cds.lib,2): cds.lib Invalid environment variable ''.
DEFINE ahdlLib $CDSHOME/tools/dfII/samples/artist/ahdlLib
|
xrun: *W,DLCVAR (/cad/dk/PDK_CRN45GS_DGO/cds.lib,3): cds.lib Invalid environment variable ''.
DEFINE bmslib $CDSHOME/tools/dfII/samples/artist/bmslib
|
xrun: *W,DLCVAR (/cad/dk/PDK_CRN45GS_DGO/cds.lib,4): cds.lib Invalid environment variable ''.
DEFINE sample $CDSHOME/tools/dfII/samples/cdslib/sample
|
xrun: *W,DLCVAR (/cad/dk/PDK_CRN45GS_DGO/cds.lib,5): cds.lib Invalid environment variable ''.
DEFINE basic $CDSHOME/tools/dfII/etc/cdslib/basic
|
xmvlog: *W,DLCVAR (/cad/dk/PDK_CRN45GS_DGO/cds.lib,1): cds.lib Invalid environment variable ''.
DEFINE analogLib $CDSHOME/tools/dfII/etc/cdslib/artist/analogLib
|
xmvlog: *W,DLCVAR (/cad/dk/PDK_CRN45GS_DGO/cds.lib,2): cds.lib Invalid environment variable ''.
DEFINE ahdlLib $CDSHOME/tools/dfII/samples/artist/ahdlLib
|
xmvlog: *W,DLCVAR (/cad/dk/PDK_CRN45GS_DGO/cds.lib,3): cds.lib Invalid environment variable ''.
DEFINE bmslib $CDSHOME/tools/dfII/samples/artist/bmslib
|
xmvlog: *W,DLCVAR (/cad/dk/PDK_CRN45GS_DGO/cds.lib,4): cds.lib Invalid environment variable ''.
DEFINE sample $CDSHOME/tools/dfII/samples/cdslib/sample
|
xmvlog: *W,DLCVAR (/cad/dk/PDK_CRN45GS_DGO/cds.lib,5): cds.lib Invalid environment variable ''.
file: ./../tb/mtm_Alu_tb.v
			CRC3_37({C, 1'b0, flags}, CRC3);
			      |
xmvlog: *W,BADTIF (./../tb/mtm_Alu_tb.v,480|9): a function cannot enable a task [10.3.4(IEEE)].
file: ./../rtl/mtm_Alu_core.v
 `define IDLE		2'b00
             		     |
xmvlog: *W,MACRDF (./../rtl/mtm_Alu_core.v,18|20): text macro 'IDLE' redefined - replaced with new definition.
 `define SEND_DATA	2'b10
                  	     |
xmvlog: *W,MACRDF (./../rtl/mtm_Alu_core.v,20|24): text macro 'SEND_DATA' redefined - replaced with new definition.
	module rtl.mtm_Alu_core:v
		errors: 0, warnings: 0
file: ./../rtl/mtm_Alu_serializer.v
 `define SEND_DATA	2'b11
                  	     |
xmvlog: *W,MACRDF (./../rtl/mtm_Alu_serializer.v,21|24): text macro 'SEND_DATA' redefined - replaced with new definition.
	Total errors/warnings found outside modules and primitives:
		errors: 0, warnings: 8
DEFINE basic $CDSHOME/tools/dfII/etc/cdslib/basic
|
xrun: *W,DLCVAR (/cad/dk/PDK_CRN45GS_DGO/cds.lib,1): cds.lib Invalid environment variable ''.
DEFINE analogLib $CDSHOME/tools/dfII/etc/cdslib/artist/analogLib
|
xrun: *W,DLCVAR (/cad/dk/PDK_CRN45GS_DGO/cds.lib,2): cds.lib Invalid environment variable ''.
DEFINE ahdlLib $CDSHOME/tools/dfII/samples/artist/ahdlLib
|
xrun: *W,DLCVAR (/cad/dk/PDK_CRN45GS_DGO/cds.lib,3): cds.lib Invalid environment variable ''.
DEFINE bmslib $CDSHOME/tools/dfII/samples/artist/bmslib
|
xrun: *W,DLCVAR (/cad/dk/PDK_CRN45GS_DGO/cds.lib,4): cds.lib Invalid environment variable ''.
DEFINE sample $CDSHOME/tools/dfII/samples/cdslib/sample
|
xrun: *W,DLCVAR (/cad/dk/PDK_CRN45GS_DGO/cds.lib,5): cds.lib Invalid environment variable ''.
DEFINE basic $CDSHOME/tools/dfII/etc/cdslib/basic
|
xrun: *W,DLCVAR (/cad/dk/PDK_CRN45GS_DGO/cds.lib,1): cds.lib Invalid environment variable ''.
DEFINE analogLib $CDSHOME/tools/dfII/etc/cdslib/artist/analogLib
|
xrun: *W,DLCVAR (/cad/dk/PDK_CRN45GS_DGO/cds.lib,2): cds.lib Invalid environment variable ''.
DEFINE ahdlLib $CDSHOME/tools/dfII/samples/artist/ahdlLib
|
xrun: *W,DLCVAR (/cad/dk/PDK_CRN45GS_DGO/cds.lib,3): cds.lib Invalid environment variable ''.
DEFINE bmslib $CDSHOME/tools/dfII/samples/artist/bmslib
|
xrun: *W,DLCVAR (/cad/dk/PDK_CRN45GS_DGO/cds.lib,4): cds.lib Invalid environment variable ''.
DEFINE sample $CDSHOME/tools/dfII/samples/cdslib/sample
|
xrun: *W,DLCVAR (/cad/dk/PDK_CRN45GS_DGO/cds.lib,5): cds.lib Invalid environment variable ''.
DEFINE basic $CDSHOME/tools/dfII/etc/cdslib/basic
|
xmelab: *W,DLCVAR (/cad/dk/PDK_CRN45GS_DGO/cds.lib,1): cds.lib Invalid environment variable ''.
DEFINE analogLib $CDSHOME/tools/dfII/etc/cdslib/artist/analogLib
|
xmelab: *W,DLCVAR (/cad/dk/PDK_CRN45GS_DGO/cds.lib,2): cds.lib Invalid environment variable ''.
DEFINE ahdlLib $CDSHOME/tools/dfII/samples/artist/ahdlLib
|
xmelab: *W,DLCVAR (/cad/dk/PDK_CRN45GS_DGO/cds.lib,3): cds.lib Invalid environment variable ''.
DEFINE bmslib $CDSHOME/tools/dfII/samples/artist/bmslib
|
xmelab: *W,DLCVAR (/cad/dk/PDK_CRN45GS_DGO/cds.lib,4): cds.lib Invalid environment variable ''.
DEFINE sample $CDSHOME/tools/dfII/samples/cdslib/sample
|
xmelab: *W,DLCVAR (/cad/dk/PDK_CRN45GS_DGO/cds.lib,5): cds.lib Invalid environment variable ''.
		Caching library 'worklib' ....... Done
		Caching library 'rtl' ....... Done
	Elaborating the design hierarchy:
	Top level design units:
		mtm_Alu_test_top
	Building instance overlay tables: .................... Done
	Generating native compiled code:
DEFINE basic $CDSHOME/tools/dfII/etc/cdslib/basic
|
xmvlog_cg: *W,DLCVAR (/cad/dk/PDK_CRN45GS_DGO/cds.lib,1): cds.lib Invalid environment variable ''.
DEFINE analogLib $CDSHOME/tools/dfII/etc/cdslib/artist/analogLib
|
xmvlog_cg: *W,DLCVAR (/cad/dk/PDK_CRN45GS_DGO/cds.lib,2): cds.lib Invalid environment variable ''.
DEFINE ahdlLib $CDSHOME/tools/dfII/samples/artist/ahdlLib
|
xmvlog_cg: *W,DLCVAR (/cad/dk/PDK_CRN45GS_DGO/cds.lib,3): cds.lib Invalid environment variable ''.
DEFINE bmslib $CDSHOME/tools/dfII/samples/artist/bmslib
|
xmvlog_cg: *W,DLCVAR (/cad/dk/PDK_CRN45GS_DGO/cds.lib,4): cds.lib Invalid environment variable ''.
DEFINE sample $CDSHOME/tools/dfII/samples/cdslib/sample
|
xmvlog_cg: *W,DLCVAR (/cad/dk/PDK_CRN45GS_DGO/cds.lib,5): cds.lib Invalid environment variable ''.
		rtl.mtm_Alu_core:v <0x1be0000e>
			streams:   6, words: 11340
	Building instance specific data structures.
	Loading native compiled code:     .................... Done
	Design hierarchy summary:
		                 Instances  Unique
		Modules:                 6       6
		Registers:              98      98
		Scalar wires:            7       -
		Vectored wires:          7       -
		Always blocks:           9       9
		Initial blocks:          5       5
		Cont. assignments:       0       2
		Simulation timescale:  1ps
	Writing initial simulation snapshot: worklib.mtm_Alu_test_top:v
DEFINE basic $CDSHOME/tools/dfII/etc/cdslib/basic
|
xmsim: *W,DLCVAR (/cad/dk/PDK_CRN45GS_DGO/cds.lib,1): cds.lib Invalid environment variable ''.
DEFINE analogLib $CDSHOME/tools/dfII/etc/cdslib/artist/analogLib
|
xmsim: *W,DLCVAR (/cad/dk/PDK_CRN45GS_DGO/cds.lib,2): cds.lib Invalid environment variable ''.
DEFINE ahdlLib $CDSHOME/tools/dfII/samples/artist/ahdlLib
|
xmsim: *W,DLCVAR (/cad/dk/PDK_CRN45GS_DGO/cds.lib,3): cds.lib Invalid environment variable ''.
DEFINE bmslib $CDSHOME/tools/dfII/samples/artist/bmslib
|
xmsim: *W,DLCVAR (/cad/dk/PDK_CRN45GS_DGO/cds.lib,4): cds.lib Invalid environment variable ''.
DEFINE sample $CDSHOME/tools/dfII/samples/cdslib/sample
|
xmsim: *W,DLCVAR (/cad/dk/PDK_CRN45GS_DGO/cds.lib,5): cds.lib Invalid environment variable ''.
Loading snapshot worklib.mtm_Alu_test_top:v .................... Done
xcelium> source /cad/XCELIUM1809/tools/xcelium/files/xmsimrc
xcelium> run

Starting 250 random 'ADD' params test
	PASS: Received correct DATA
	PASS: Received correct DATA
	PASS: Received correct DATA
	PASS: Received correct DATA
	PASS: Received correct DATA
	PASS: Received correct DATA
	PASS: Received correct DATA
	PASS: Received correct DATA
	PASS: Received correct DATA
	PASS: Received correct DATA
	PASS: Received correct DATA
	PASS: Received correct DATA
	PASS: Received correct DATA
	PASS: Received correct DATA
	PASS: Received correct DATA
	PASS: Received correct DATA
	PASS: Received correct DATA
	PASS: Received correct DATA
	PASS: Received correct DATA
	PASS: Received correct DATA
	PASS: Received correct DATA
	PASS: Received correct DATA
	PASS: Received correct DATA
	PASS: Received correct DATA
	PASS: Received correct DATA
	PASS: Received correct DATA
	PASS: Received correct DATA
	PASS: Received correct DATA
	PASS: Received correct DATA
	PASS: Received correct DATA
	PASS: Received correct DATA
	PASS: Received correct DATA
	PASS: Received correct DATA
	PASS: Received correct DATA
	PASS: Received correct DATA
	PASS: Received correct DATA
	PASS: Received correct DATA
	PASS: Received correct DATA
	PASS: Received correct DATA
	PASS: Received correct DATA
	PASS: Received correct DATA
	PASS: Received correct DATA
	PASS: Received correct DATA
	PASS: Received correct DATA
	PASS: Received correct DATA
	PASS: Received correct DATA
	PASS: Received correct DATA
	PASS: Received correct DATA
	PASS: Received correct DATA
	PASS: Received correct DATA
	PASS: Received correct DATA
	PASS: Received correct DATA
	PASS: Received correct DATA
	PASS: Received correct DATA
	PASS: Received correct DATA
	PASS: Received correct DATA
	PASS: Received correct DATA
	PASS: Received correct DATA
	PASS: Received correct DATA
	PASS: Received correct DATA
	PASS: Received correct DATA
	PASS: Received correct DATA
	PASS: Received correct DATA
	PASS: Received correct DATA
	PASS: Received correct DATA
	PASS: Received correct DATA
	PASS: Received correct DATA
	PASS: Received correct DATA
	PASS: Received correct DATA
	PASS: Received correct DATA
	PASS: Received correct DATA
	PASS: Received correct DATA
	PASS: Received correct DATA
	PASS: Received correct DATA
	PASS: Received correct DATA
	PASS: Received correct DATA
	PASS: Received correct DATA
	PASS: Received correct DATA
	PASS: Received correct DATA
	PASS: Received correct DATA
	PASS: Received correct DATA
	PASS: Received correct DATA
	PASS: Received correct DATA
	PASS: Received correct DATA
	PASS: Received correct DATA
	PASS: Received correct DATA
	PASS: Received correct DATA
	PASS: Received correct DATA
	PASS: Received correct DATA
	PASS: Received correct DATA
	PASS: Received correct DATA
	PASS: Received correct DATA
	PASS: Received correct DATA
	PASS: Received correct DATA
	PASS: Received correct DATA
	PASS: Received correct DATA
	PASS: Received correct DATA
	PASS: Received correct DATA
	PASS: Received correct DATA
	PASS: Received correct DATA
	PASS: Received correct DATA
	PASS: Received correct DATA
	PASS: Received correct DATA
	PASS: Received correct DATA
	PASS: Received correct DATA
	PASS: Received correct DATA
	PASS: Received correct DATA
	PASS: Received correct DATA
	PASS: Received correct DATA
	PASS: Received correct DATA
	PASS: Received correct DATA
	PASS: Received correct DATA
	PASS: Received correct DATA
	PASS: Received correct DATA
	PASS: Received correct DATA
	PASS: Received correct DATA
	PASS: Received correct DATA
	PASS: Received correct DATA
	PASS: Received correct DATA
	PASS: Received correct DATA
	PASS: Received correct DATA
	PASS: Received correct DATA
	PASS: Received correct DATA
	PASS: Received correct DATA
	PASS: Received correct DATA
	PASS: Received correct DATA
	PASS: Received correct DATA
	PASS: Received correct DATA
	PASS: Received correct DATA
	PASS: Received correct DATA
	PASS: Received correct DATA
	PASS: Received correct DATA
	PASS: Received correct DATA
	PASS: Received correct DATA
	PASS: Received correct DATA
	PASS: Received correct DATA
	PASS: Received correct DATA
	PASS: Received correct DATA
	PASS: Received correct DATA
	PASS: Received correct DATA
	PASS: Received correct DATA
	PASS: Received correct DATA
	PASS: Received correct DATA
	PASS: Received correct DATA
	PASS: Received correct DATA
	PASS: Received correct DATA
	PASS: Received correct DATA
	PASS: Received correct DATA
	PASS: Received correct DATA
	PASS: Received correct DATA
	PASS: Received correct DATA
	PASS: Received correct DATA
	PASS: Received correct DATA
	PASS: Received correct DATA
	PASS: Received correct DATA
	PASS: Received correct DATA
	PASS: Received correct DATA
	PASS: Received correct DATA
	PASS: Received correct DATA
	PASS: Received correct DATA
	PASS: Received correct DATA
	PASS: Received correct DATA
	PASS: Received correct DATA
	PASS: Received correct DATA
	PASS: Received correct DATA
	PASS: Received correct DATA
	PASS: Received correct DATA
	PASS: Received correct DATA
	PASS: Received correct DATA
	PASS: Received correct DATA
	PASS: Received correct DATA
	PASS: Received correct DATA
	PASS: Received correct DATA
	PASS: Received correct DATA
	PASS: Received correct DATA
	PASS: Received correct DATA
	PASS: Received correct DATA
	PASS: Received correct DATA
	PASS: Received correct DATA
	PASS: Received correct DATA
	PASS: Received correct DATA
	PASS: Received correct DATA
	PASS: Received correct DATA
	PASS: Received correct DATA
	PASS: Received correct DATA
	PASS: Received correct DATA
	PASS: Received correct DATA
	PASS: Received correct DATA
	PASS: Received correct DATA
	PASS: Received correct DATA
	PASS: Received correct DATA
	PASS: Received correct DATA
	PASS: Received correct DATA
	PASS: Received correct DATA
	PASS: Received correct DATA
	PASS: Received correct DATA
	PASS: Received correct DATA
	PASS: Received correct DATA
	PASS: Received correct DATA
	PASS: Received correct DATA
	PASS: Received correct DATA
	PASS: Received correct DATA
	PASS: Received correct DATA
	PASS: Received correct DATA
	PASS: Received correct DATA
	PASS: Received correct DATA
	PASS: Received correct DATA
	PASS: Received correct DATA
	PASS: Received correct DATA
	PASS: Received correct DATA
	PASS: Received correct DATA
	PASS: Received correct DATA
	PASS: Received correct DATA
	PASS: Received correct DATA
	PASS: Received correct DATA
	PASS: Received correct DATA
	PASS: Received correct DATA
	PASS: Received correct DATA
	PASS: Received correct DATA
	PASS: Received correct DATA
	PASS: Received correct DATA
	PASS: Received correct DATA
	PASS: Received correct DATA
	PASS: Received correct DATA
	PASS: Received correct DATA
	PASS: Received correct DATA
	PASS: Received correct DATA
	PASS: Received correct DATA
	PASS: Received correct DATA
	PASS: Received correct DATA
	PASS: Received correct DATA
	PASS: Received correct DATA
	PASS: Received correct DATA
	PASS: Received correct DATA
	PASS: Received correct DATA
	PASS: Received correct DATA
	PASS: Received correct DATA
	PASS: Received correct DATA
	PASS: Received correct DATA
	PASS: Received correct DATA
	PASS: Received correct DATA
	PASS: Received correct DATA
	PASS: Received correct DATA
	PASS: Received correct DATA
	PASS: Received correct DATA
	PASS: Received correct DATA
	PASS: Received correct DATA
	PASS: Received correct DATA
	PASS: Received correct DATA
	PASS: Received correct DATA

Starting 250 random 'SUB' params test
	PASS: Received correct DATA
	PASS: Received correct DATA
	PASS: Received correct DATA
	PASS: Received correct DATA
	PASS: Received correct DATA
	PASS: Received correct DATA
	PASS: Received correct DATA
	PASS: Received correct DATA
	PASS: Received correct DATA
	PASS: Received correct DATA
	PASS: Received correct DATA
	PASS: Received correct DATA
	PASS: Received correct DATA
	PASS: Received correct DATA
	PASS: Received correct DATA
	PASS: Received correct DATA
	PASS: Received correct DATA
	PASS: Received correct DATA
	PASS: Received correct DATA
	PASS: Received correct DATA
	PASS: Received correct DATA
	PASS: Received correct DATA
	PASS: Received correct DATA
	PASS: Received correct DATA
	PASS: Received correct DATA
	PASS: Received correct DATA
	PASS: Received correct DATA
	PASS: Received correct DATA
	PASS: Received correct DATA
	PASS: Received correct DATA
	PASS: Received correct DATA
	PASS: Received correct DATA
	PASS: Received correct DATA
	PASS: Received correct DATA
	PASS: Received correct DATA
	PASS: Received correct DATA
	PASS: Received correct DATA
	PASS: Received correct DATA
	PASS: Received correct DATA
	PASS: Received correct DATA
	PASS: Received correct DATA
	PASS: Received correct DATA
	PASS: Received correct DATA
	PASS: Received correct DATA
	PASS: Received correct DATA
	PASS: Received correct DATA
	PASS: Received correct DATA
	PASS: Received correct DATA
	PASS: Received correct DATA
	PASS: Received correct DATA
	PASS: Received correct DATA
	PASS: Received correct DATA
	PASS: Received correct DATA
	PASS: Received correct DATA
	PASS: Received correct DATA
	PASS: Received correct DATA
	PASS: Received correct DATA
	PASS: Received correct DATA
	PASS: Received correct DATA
	PASS: Received correct DATA
	PASS: Received correct DATA
	PASS: Received correct DATA
	PASS: Received correct DATA
	PASS: Received correct DATA
	PASS: Received correct DATA
	PASS: Received correct DATA
	PASS: Received correct DATA
	PASS: Received correct DATA
	PASS: Received correct DATA
	PASS: Received correct DATA
	PASS: Received correct DATA
	PASS: Received correct DATA
	PASS: Received correct DATA
	PASS: Received correct DATA
	PASS: Received correct DATA
	PASS: Received correct DATA
	PASS: Received correct DATA
	PASS: Received correct DATA
	PASS: Received correct DATA
	PASS: Received correct DATA
	PASS: Received correct DATA
	PASS: Received correct DATA
	PASS: Received correct DATA
	PASS: Received correct DATA
	PASS: Received correct DATA
	PASS: Received correct DATA
	PASS: Received correct DATA
	PASS: Received correct DATA
	PASS: Received correct DATA
	PASS: Received correct DATA
	PASS: Received correct DATA
	PASS: Received correct DATA
	PASS: Received correct DATA
	PASS: Received correct DATA
	PASS: Received correct DATA
	PASS: Received correct DATA
	PASS: Received correct DATA
	PASS: Received correct DATA
	PASS: Received correct DATA
	PASS: Received correct DATA
	PASS: Received correct DATA
	PASS: Received correct DATA
	PASS: Received correct DATA
	PASS: Received correct DATA
	PASS: Received correct DATA
	PASS: Received correct DATA
	PASS: Received correct DATA
	PASS: Received correct DATA
	PASS: Received correct DATA
	PASS: Received correct DATA
	PASS: Received correct DATA
	PASS: Received correct DATA
	PASS: Received correct DATA
	PASS: Received correct DATA
	PASS: Received correct DATA
	PASS: Received correct DATA
	PASS: Received correct DATA
	PASS: Received correct DATA
	PASS: Received correct DATA
	PASS: Received correct DATA
	PASS: Received correct DATA
	PASS: Received correct DATA
	PASS: Received correct DATA
	PASS: Received correct DATA
	PASS: Received correct DATA
	PASS: Received correct DATA
	PASS: Received correct DATA
	PASS: Received correct DATA
	PASS: Received correct DATA
	PASS: Received correct DATA
	PASS: Received correct DATA
	PASS: Received correct DATA
	PASS: Received correct DATA
	PASS: Received correct DATA
	PASS: Received correct DATA
	PASS: Received correct DATA
	PASS: Received correct DATA
	PASS: Received correct DATA
	PASS: Received correct DATA
	PASS: Received correct DATA
	PASS: Received correct DATA
	PASS: Received correct DATA
	PASS: Received correct DATA
	PASS: Received correct DATA
	PASS: Received correct DATA
	PASS: Received correct DATA
	PASS: Received correct DATA
	PASS: Received correct DATA
	PASS: Received correct DATA
	PASS: Received correct DATA
	PASS: Received correct DATA
	PASS: Received correct DATA
	PASS: Received correct DATA
	PASS: Received correct DATA
	PASS: Received correct DATA
	PASS: Received correct DATA
	PASS: Received correct DATA
	PASS: Received correct DATA
	PASS: Received correct DATA
	PASS: Received correct DATA
	PASS: Received correct DATA
	PASS: Received correct DATA
	PASS: Received correct DATA
	PASS: Received correct DATA
	PASS: Received correct DATA
	PASS: Received correct DATA
	PASS: Received correct DATA
	PASS: Received correct DATA
	PASS: Received correct DATA
	PASS: Received correct DATA
	PASS: Received correct DATA
	PASS: Received correct DATA
	PASS: Received correct DATA
	PASS: Received correct DATA
	PASS: Received correct DATA
	PASS: Received correct DATA
	PASS: Received correct DATA
	PASS: Received correct DATA
	PASS: Received correct DATA
	PASS: Received correct DATA
	PASS: Received correct DATA
	PASS: Received correct DATA
	PASS: Received correct DATA
	PASS: Received correct DATA
	PASS: Received correct DATA
	PASS: Received correct DATA
	PASS: Received correct DATA
	PASS: Received correct DATA
	PASS: Received correct DATA
	PASS: Received correct DATA
	PASS: Received correct DATA
	PASS: Received correct DATA
	PASS: Received correct DATA
	PASS: Received correct DATA
	PASS: Received correct DATA
	PASS: Received correct DATA
	PASS: Received correct DATA
	PASS: Received correct DATA
	PASS: Received correct DATA
	PASS: Received correct DATA
	PASS: Received correct DATA
	PASS: Received correct DATA
	PASS: Received correct DATA
	PASS: Received correct DATA
	PASS: Received correct DATA
	PASS: Received correct DATA
	PASS: Received correct DATA
	PASS: Received correct DATA
	PASS: Received correct DATA
	PASS: Received correct DATA
	PASS: Received correct DATA
	PASS: Received correct DATA
	PASS: Received correct DATA
	PASS: Received correct DATA
	PASS: Received correct DATA
	PASS: Received correct DATA
	PASS: Received correct DATA
	PASS: Received correct DATA
	PASS: Received correct DATA
	PASS: Received correct DATA
	PASS: Received correct DATA
	PASS: Received correct DATA
	PASS: Received correct DATA
	PASS: Received correct DATA
	PASS: Received correct DATA
	PASS: Received correct DATA
	PASS: Received correct DATA
	PASS: Received correct DATA
	PASS: Received correct DATA
	PASS: Received correct DATA
	PASS: Received correct DATA
	PASS: Received correct DATA
	PASS: Received correct DATA
	PASS: Received correct DATA
	PASS: Received correct DATA
	PASS: Received correct DATA
	PASS: Received correct DATA
	PASS: Received correct DATA
	PASS: Received correct DATA
	PASS: Received correct DATA
	PASS: Received correct DATA
	PASS: Received correct DATA
	PASS: Received correct DATA
	PASS: Received correct DATA
	PASS: Received correct DATA
	PASS: Received correct DATA
	PASS: Received correct DATA
	PASS: Received correct DATA
	PASS: Received correct DATA
	PASS: Received correct DATA

Starting 250 random 'AND' params test
	PASS: Received correct DATA
	PASS: Received correct DATA
	PASS: Received correct DATA
	PASS: Received correct DATA
	PASS: Received correct DATA
	PASS: Received correct DATA
	PASS: Received correct DATA
	PASS: Received correct DATA
	PASS: Received correct DATA
	PASS: Received correct DATA
	PASS: Received correct DATA
	PASS: Received correct DATA
	PASS: Received correct DATA
	PASS: Received correct DATA
	PASS: Received correct DATA
	PASS: Received correct DATA
	PASS: Received correct DATA
	PASS: Received correct DATA
	PASS: Received correct DATA
	PASS: Received correct DATA
	PASS: Received correct DATA
	PASS: Received correct DATA
	PASS: Received correct DATA
	PASS: Received correct DATA
	PASS: Received correct DATA
	PASS: Received correct DATA
	PASS: Received correct DATA
	PASS: Received correct DATA
	PASS: Received correct DATA
	PASS: Received correct DATA
	PASS: Received correct DATA
	PASS: Received correct DATA
	PASS: Received correct DATA
	PASS: Received correct DATA
	PASS: Received correct DATA
	PASS: Received correct DATA
	PASS: Received correct DATA
	PASS: Received correct DATA
	PASS: Received correct DATA
	PASS: Received correct DATA
	PASS: Received correct DATA
	PASS: Received correct DATA
	PASS: Received correct DATA
	PASS: Received correct DATA
	PASS: Received correct DATA
	PASS: Received correct DATA
	PASS: Received correct DATA
	PASS: Received correct DATA
	PASS: Received correct DATA
	PASS: Received correct DATA
	PASS: Received correct DATA
	PASS: Received correct DATA
	PASS: Received correct DATA
	PASS: Received correct DATA
	PASS: Received correct DATA
	PASS: Received correct DATA
	PASS: Received correct DATA
	PASS: Received correct DATA
	PASS: Received correct DATA
	PASS: Received correct DATA
	PASS: Received correct DATA
	PASS: Received correct DATA
	PASS: Received correct DATA
	PASS: Received correct DATA
	PASS: Received correct DATA
	PASS: Received correct DATA
	PASS: Received correct DATA
	PASS: Received correct DATA
	PASS: Received correct DATA
	PASS: Received correct DATA
	PASS: Received correct DATA
	PASS: Received correct DATA
	PASS: Received correct DATA
	PASS: Received correct DATA
	PASS: Received correct DATA
	PASS: Received correct DATA
	PASS: Received correct DATA
	PASS: Received correct DATA
	PASS: Received correct DATA
	PASS: Received correct DATA
	PASS: Received correct DATA
	PASS: Received correct DATA
	PASS: Received correct DATA
	PASS: Received correct DATA
	PASS: Received correct DATA
	PASS: Received correct DATA
	PASS: Received correct DATA
	PASS: Received correct DATA
	PASS: Received correct DATA
	PASS: Received correct DATA
	PASS: Received correct DATA
	PASS: Received correct DATA
	PASS: Received correct DATA
	PASS: Received correct DATA
	PASS: Received correct DATA
	PASS: Received correct DATA
	PASS: Received correct DATA
	PASS: Received correct DATA
	PASS: Received correct DATA
	PASS: Received correct DATA
	PASS: Received correct DATA
	PASS: Received correct DATA
	PASS: Received correct DATA
	PASS: Received correct DATA
	PASS: Received correct DATA
	PASS: Received correct DATA
	PASS: Received correct DATA
	PASS: Received correct DATA
	PASS: Received correct DATA
	PASS: Received correct DATA
	PASS: Received correct DATA
	PASS: Received correct DATA
	PASS: Received correct DATA
	PASS: Received correct DATA
	PASS: Received correct DATA
	PASS: Received correct DATA
	PASS: Received correct DATA
	PASS: Received correct DATA
	PASS: Received correct DATA
	PASS: Received correct DATA
	PASS: Received correct DATA
	PASS: Received correct DATA
	PASS: Received correct DATA
	PASS: Received correct DATA
	PASS: Received correct DATA
	PASS: Received correct DATA
	PASS: Received correct DATA
	PASS: Received correct DATA
	PASS: Received correct DATA
	PASS: Received correct DATA
	PASS: Received correct DATA
	PASS: Received correct DATA
	PASS: Received correct DATA
	PASS: Received correct DATA
	PASS: Received correct DATA
	PASS: Received correct DATA
	PASS: Received correct DATA
	PASS: Received correct DATA
	PASS: Received correct DATA
	PASS: Received correct DATA
	PASS: Received correct DATA
	PASS: Received correct DATA
	PASS: Received correct DATA
	PASS: Received correct DATA
	PASS: Received correct DATA
	PASS: Received correct DATA
	PASS: Received correct DATA
	PASS: Received correct DATA
	PASS: Received correct DATA
	PASS: Received correct DATA
	PASS: Received correct DATA
	PASS: Received correct DATA
	PASS: Received correct DATA
	PASS: Received correct DATA
	PASS: Received correct DATA
	PASS: Received correct DATA
	PASS: Received correct DATA
	PASS: Received correct DATA
	PASS: Received correct DATA
	PASS: Received correct DATA
	PASS: Received correct DATA
	PASS: Received correct DATA
	PASS: Received correct DATA
	PASS: Received correct DATA
	PASS: Received correct DATA
	PASS: Received correct DATA
	PASS: Received correct DATA
	PASS: Received correct DATA
	PASS: Received correct DATA
	PASS: Received correct DATA
	PASS: Received correct DATA
	PASS: Received correct DATA
	PASS: Received correct DATA
	PASS: Received correct DATA
	PASS: Received correct DATA
	PASS: Received correct DATA
	PASS: Received correct DATA
	PASS: Received correct DATA
	PASS: Received correct DATA
	PASS: Received correct DATA
	PASS: Received correct DATA
	PASS: Received correct DATA
	PASS: Received correct DATA
	PASS: Received correct DATA
	PASS: Received correct DATA
	PASS: Received correct DATA
	PASS: Received correct DATA
	PASS: Received correct DATA
	PASS: Received correct DATA
	PASS: Received correct DATA
	PASS: Received correct DATA
	PASS: Received correct DATA
	PASS: Received correct DATA
	PASS: Received correct DATA
	PASS: Received correct DATA
	PASS: Received correct DATA
	PASS: Received correct DATA
	PASS: Received correct DATA
	PASS: Received correct DATA
	PASS: Received correct DATA
	PASS: Received correct DATA
	PASS: Received correct DATA
	PASS: Received correct DATA
	PASS: Received correct DATA
	PASS: Received correct DATA
	PASS: Received correct DATA
	PASS: Received correct DATA
	PASS: Received correct DATA
	PASS: Received correct DATA
	PASS: Received correct DATA
	PASS: Received correct DATA
	PASS: Received correct DATA
	PASS: Received correct DATA
	PASS: Received correct DATA
	PASS: Received correct DATA
	PASS: Received correct DATA
	PASS: Received correct DATA
	PASS: Received correct DATA
	PASS: Received correct DATA
	PASS: Received correct DATA
	PASS: Received correct DATA
	PASS: Received correct DATA
	PASS: Received correct DATA
	PASS: Received correct DATA
	PASS: Received correct DATA
	PASS: Received correct DATA
	PASS: Received correct DATA
	PASS: Received correct DATA
	PASS: Received correct DATA
	PASS: Received correct DATA
	PASS: Received correct DATA
	PASS: Received correct DATA
	PASS: Received correct DATA
	PASS: Received correct DATA
	PASS: Received correct DATA
	PASS: Received correct DATA
	PASS: Received correct DATA
	PASS: Received correct DATA
	PASS: Received correct DATA
	PASS: Received correct DATA
	PASS: Received correct DATA
	PASS: Received correct DATA
	PASS: Received correct DATA
	PASS: Received correct DATA
	PASS: Received correct DATA
	PASS: Received correct DATA
	PASS: Received correct DATA
	PASS: Received correct DATA
	PASS: Received correct DATA
	PASS: Received correct DATA

Starting 250 random 'OR' params test
	PASS: Received correct DATA
	PASS: Received correct DATA
	PASS: Received correct DATA
	PASS: Received correct DATA
	PASS: Received correct DATA
	PASS: Received correct DATA
	PASS: Received correct DATA
	PASS: Received correct DATA
	PASS: Received correct DATA
	PASS: Received correct DATA
	PASS: Received correct DATA
	PASS: Received correct DATA
	PASS: Received correct DATA
	PASS: Received correct DATA
	PASS: Received correct DATA
	PASS: Received correct DATA
	PASS: Received correct DATA
	PASS: Received correct DATA
	PASS: Received correct DATA
	PASS: Received correct DATA
	PASS: Received correct DATA
	PASS: Received correct DATA
	PASS: Received correct DATA
	PASS: Received correct DATA
	PASS: Received correct DATA
	PASS: Received correct DATA
	PASS: Received correct DATA
	PASS: Received correct DATA
	PASS: Received correct DATA
	PASS: Received correct DATA
	PASS: Received correct DATA
	PASS: Received correct DATA
	PASS: Received correct DATA
	PASS: Received correct DATA
	PASS: Received correct DATA
	PASS: Received correct DATA
	PASS: Received correct DATA
	PASS: Received correct DATA
	PASS: Received correct DATA
	PASS: Received correct DATA
	PASS: Received correct DATA
	PASS: Received correct DATA
	PASS: Received correct DATA
	PASS: Received correct DATA
	PASS: Received correct DATA
	PASS: Received correct DATA
	PASS: Received correct DATA
	PASS: Received correct DATA
	PASS: Received correct DATA
	PASS: Received correct DATA
	PASS: Received correct DATA
	PASS: Received correct DATA
	PASS: Received correct DATA
	PASS: Received correct DATA
	PASS: Received correct DATA
	PASS: Received correct DATA
	PASS: Received correct DATA
	PASS: Received correct DATA
	PASS: Received correct DATA
	PASS: Received correct DATA
	PASS: Received correct DATA
	PASS: Received correct DATA
	PASS: Received correct DATA
	PASS: Received correct DATA
	PASS: Received correct DATA
	PASS: Received correct DATA
	PASS: Received correct DATA
	PASS: Received correct DATA
	PASS: Received correct DATA
	PASS: Received correct DATA
	PASS: Received correct DATA
	PASS: Received correct DATA
	PASS: Received correct DATA
	PASS: Received correct DATA
	PASS: Received correct DATA
	PASS: Received correct DATA
	PASS: Received correct DATA
	PASS: Received correct DATA
	PASS: Received correct DATA
	PASS: Received correct DATA
	PASS: Received correct DATA
	PASS: Received correct DATA
	PASS: Received correct DATA
	PASS: Received correct DATA
	PASS: Received correct DATA
	PASS: Received correct DATA
	PASS: Received correct DATA
	PASS: Received correct DATA
	PASS: Received correct DATA
	PASS: Received correct DATA
	PASS: Received correct DATA
	PASS: Received correct DATA
	PASS: Received correct DATA
	PASS: Received correct DATA
	PASS: Received correct DATA
	PASS: Received correct DATA
	PASS: Received correct DATA
	PASS: Received correct DATA
	PASS: Received correct DATA
	PASS: Received correct DATA
	PASS: Received correct DATA
	PASS: Received correct DATA
	PASS: Received correct DATA
	PASS: Received correct DATA
	PASS: Received correct DATA
	PASS: Received correct DATA
	PASS: Received correct DATA
	PASS: Received correct DATA
	PASS: Received correct DATA
	PASS: Received correct DATA
	PASS: Received correct DATA
	PASS: Received correct DATA
	PASS: Received correct DATA
	PASS: Received correct DATA
	PASS: Received correct DATA
	PASS: Received correct DATA
	PASS: Received correct DATA
	PASS: Received correct DATA
	PASS: Received correct DATA
	PASS: Received correct DATA
	PASS: Received correct DATA
	PASS: Received correct DATA
	PASS: Received correct DATA
	PASS: Received correct DATA
	PASS: Received correct DATA
	PASS: Received correct DATA
	PASS: Received correct DATA
	PASS: Received correct DATA
	PASS: Received correct DATA
	PASS: Received correct DATA
	PASS: Received correct DATA
	PASS: Received correct DATA
	PASS: Received correct DATA
	PASS: Received correct DATA
	PASS: Received correct DATA
	PASS: Received correct DATA
	PASS: Received correct DATA
	PASS: Received correct DATA
	PASS: Received correct DATA
	PASS: Received correct DATA
	PASS: Received correct DATA
	PASS: Received correct DATA
	PASS: Received correct DATA
	PASS: Received correct DATA
	PASS: Received correct DATA
	PASS: Received correct DATA
	PASS: Received correct DATA
	PASS: Received correct DATA
	PASS: Received correct DATA
	PASS: Received correct DATA
	PASS: Received correct DATA
	PASS: Received correct DATA
	PASS: Received correct DATA
	PASS: Received correct DATA
	PASS: Received correct DATA
	PASS: Received correct DATA
	PASS: Received correct DATA
	PASS: Received correct DATA
	PASS: Received correct DATA
	PASS: Received correct DATA
	PASS: Received correct DATA
	PASS: Received correct DATA
	PASS: Received correct DATA
	PASS: Received correct DATA
	PASS: Received correct DATA
	PASS: Received correct DATA
	PASS: Received correct DATA
	PASS: Received correct DATA
	PASS: Received correct DATA
	PASS: Received correct DATA
	PASS: Received correct DATA
	PASS: Received correct DATA
	PASS: Received correct DATA
	PASS: Received correct DATA
	PASS: Received correct DATA
	PASS: Received correct DATA
	PASS: Received correct DATA
	PASS: Received correct DATA
	PASS: Received correct DATA
	PASS: Received correct DATA
	PASS: Received correct DATA
	PASS: Received correct DATA
	PASS: Received correct DATA
	PASS: Received correct DATA
	PASS: Received correct DATA
	PASS: Received correct DATA
	PASS: Received correct DATA
	PASS: Received correct DATA
	PASS: Received correct DATA
	PASS: Received correct DATA
	PASS: Received correct DATA
	PASS: Received correct DATA
	PASS: Received correct DATA
	PASS: Received correct DATA
	PASS: Received correct DATA
	PASS: Received correct DATA
	PASS: Received correct DATA
	PASS: Received correct DATA
	PASS: Received correct DATA
	PASS: Received correct DATA
	PASS: Received correct DATA
	PASS: Received correct DATA
	PASS: Received correct DATA
	PASS: Received correct DATA
	PASS: Received correct DATA
	PASS: Received correct DATA
	PASS: Received correct DATA
	PASS: Received correct DATA
	PASS: Received correct DATA
	PASS: Received correct DATA
	PASS: Received correct DATA
	PASS: Received correct DATA
	PASS: Received correct DATA
	PASS: Received correct DATA
	PASS: Received correct DATA
	PASS: Received correct DATA
	PASS: Received correct DATA
	PASS: Received correct DATA
	PASS: Received correct DATA
	PASS: Received correct DATA
	PASS: Received correct DATA
	PASS: Received correct DATA
	PASS: Received correct DATA
	PASS: Received correct DATA
	PASS: Received correct DATA
	PASS: Received correct DATA
	PASS: Received correct DATA
	PASS: Received correct DATA
	PASS: Received correct DATA
	PASS: Received correct DATA
	PASS: Received correct DATA
	PASS: Received correct DATA
	PASS: Received correct DATA
	PASS: Received correct DATA
	PASS: Received correct DATA
	PASS: Received correct DATA
	PASS: Received correct DATA
	PASS: Received correct DATA
	PASS: Received correct DATA
	PASS: Received correct DATA
	PASS: Received correct DATA
	PASS: Received correct DATA
	PASS: Received correct DATA
	PASS: Received correct DATA
	PASS: Received correct DATA
	PASS: Received correct DATA
	PASS: Received correct DATA
	PASS: Received correct DATA
	PASS: Received correct DATA
	PASS: Received correct DATA

Starting boundary data test
Addition
	PASS: Received correct DATA
	PASS: Received correct DATA
	PASS: Received correct DATA
	PASS: Received correct DATA
Subtraction
	PASS: Received correct DATA
	PASS: Received correct DATA
	PASS: Received correct DATA
	PASS: Received correct DATA
Bitwise OR
	PASS: Received correct DATA
	PASS: Received correct DATA
	PASS: Received correct DATA
	PASS: Received correct DATA
Bitwise AND
	PASS: Received correct DATA
	PASS: Received correct DATA
	PASS: Received correct DATA
	PASS: Received correct DATA

Wrong CRC test:
	PASS: Received correct CTL

Wrong operation test:
	PASS: Received correct CTL

Wrong number of packets test:
Too many frames:
	PASS: Received correct CTL

Wrong number of packets test:
Too few frames:
	PASS: Received correct CTL
Simulation complete via $finish(1) at time 32398318 NS + 2
../tb/mtm_Alu_tb.v:78 		$finish;
xcelium> exit
TOOL:	xrun	18.09-s011: Exiting on Sep 15, 2019 at 18:48:11 CEST  (total: 00:00:10)
